<?xml version="1.0" encoding="UTF-8"?><testsuite errors="0" failures="0" name="com.playground.bestbuy.crudtest.StoresCRUDTest" skipped="0" tests="4" time="1.71" timestamp="2020-06-11T09:57:49.684+01:00[Europe/London]"><testcase classname="com.playground.bestbuy.crudtest.StoresCRUDTest" name="This test will create a new stores and verify its generated"/><testcase classname="com.playground.bestbuy.crudtest.StoresCRUDTest" name="This test will get the stores information by ID"/><testcase classname="com.playground.bestbuy.crudtest.StoresCRUDTest" name="This test will update the store information and verify the updated information"/><testcase classname="com.playground.bestbuy.crudtest.StoresCRUDTest" name="This test will delete the store and verify the store is deleted "/></testsuite>