<?xml version="1.0" encoding="UTF-8"?><testsuite errors="0" failures="0" name="com.playground.bestbuy.crudtest.CategoriesCRUDTest" skipped="0" tests="4" time="10.52" timestamp="2020-06-11T09:57:33.622+01:00[Europe/London]"><testcase classname="com.playground.bestbuy.crudtest.CategoriesCRUDTest" name="This test will create a new categories and verify its generated"/><testcase classname="com.playground.bestbuy.crudtest.CategoriesCRUDTest" name="This test will get the categories information by ID"/><testcase classname="com.playground.bestbuy.crudtest.CategoriesCRUDTest" name="This test will update the categories information and verify the updated information"/><testcase classname="com.playground.bestbuy.crudtest.CategoriesCRUDTest" name="This test will delete the categories information and verify the categories is deleted "/></testsuite>