<?xml version="1.0" encoding="UTF-8"?><testsuite errors="0" failures="0" name="com.playground.bestbuy.crudtest.ServicesCRUDTest" skipped="0" tests="4" time="1.12" timestamp="2020-06-11T09:57:48.367+01:00[Europe/London]"><testcase classname="com.playground.bestbuy.crudtest.ServicesCRUDTest" name="This test will create a new services and verify its generated"/><testcase classname="com.playground.bestbuy.crudtest.ServicesCRUDTest" name="This test will get the service information by ID"/><testcase classname="com.playground.bestbuy.crudtest.ServicesCRUDTest" name="This test will update the services information and verify the updated information"/><testcase classname="com.playground.bestbuy.crudtest.ServicesCRUDTest" name="This test will delete the categories information and verify the categories is deleted "/></testsuite>